2023/03/08 23:55:38 {"callers":["/Users/mac/go/src/newApp/src/newApp/main.go: 25 main.init.0"],"level":"info","message":"newApp: wwtest log","time":1678290938463661000}
2023/03/09 21:41:34 {"callers":["/Users/mac/go/src/newApp/src/newApp/main.go: 25 main.init.0"],"level":"info","message":"newApp: wwtest log","time":1678369294789440000}
2023/03/09 21:42:16 {"callers":["/Users/mac/go/src/newApp/src/newApp/main.go: 25 main.init.0"],"level":"info","message":"newApp: wwtest log","time":1678369336802852000}
2023/03/09 21:43:09 {"callers":["/Users/mac/go/src/newApp/src/newApp/main.go: 25 main.init.0"],"level":"info","message":"newApp: wwtest log","time":1678369389879275000}
2023/03/09 21:59:29 {"callers":["/Users/mac/go/src/newApp/src/newApp/main.go: 25 main.init.0"],"level":"info","message":"newApp: wwtest log","time":1678370369110369000}
2023/03/09 22:14:42 {"callers":["/Users/mac/go/src/newApp/src/newApp/main.go: 25 main.init.0"],"level":"info","message":"newApp: wwtest log","time":1678371282997985000}
2023/03/09 22:15:09 {"callers":["/Users/mac/go/src/newApp/src/newApp/main.go: 25 main.init.0"],"level":"info","message":"newApp: wwtest log","time":1678371309178539000}
2023/03/09 22:15:36 {"callers":["/Users/mac/go/src/newApp/src/newApp/main.go: 25 main.init.0"],"level":"info","message":"newApp: wwtest log","time":1678371336213855000}
2023/03/09 22:16:06 {"callers":["/Users/mac/go/src/newApp/src/newApp/main.go: 25 main.init.0"],"level":"info","message":"newApp: wwtest log","time":1678371366341801000}
2023/03/09 22:20:10 {"callers":["/Users/mac/go/src/newApp/src/newApp/main.go: 25 main.init.0"],"level":"info","message":"newApp: wwtest log","time":1678371610393031000}
2023/03/09 22:20:34 {"callers":["/Users/mac/go/src/newApp/src/newApp/main.go: 25 main.init.0"],"level":"info","message":"{ }","time":1678371634391094000}
2023/03/09 22:57:03 {"callers":["/Users/mac/go/src/newApp/src/newApp/main.go: 25 main.init.0"],"level":"info","message":"newApp: wwtest log","time":1678373823000005000}
2023/03/09 22:59:41 {"callers":["/Users/mac/go/src/newApp/src/newApp/main.go: 25 main.init.0"],"level":"info","message":"newApp: wwtest log","time":1678373981452931000}
2023/03/09 23:00:08 {"callers":["/Users/mac/go/src/newApp/src/newApp/main.go: 25 main.init.0"],"level":"info","message":"newApp: wwtest log","time":1678374008823092000}
2023/03/09 23:06:19 {"callers":["/Users/mac/go/src/newApp/src/newApp/main.go: 25 main.init.0"],"level":"info","message":"newApp: wwtest log","time":1678374379009189000}
2023/03/09 23:08:57 {"callers":["/Users/mac/go/src/newApp/src/newApp/main.go: 25 main.init.0"],"level":"info","message":"newApp: wwtest log","time":1678374537154872000}
2023/03/09 23:09:12 {"callers":["/Users/mac/go/src/newApp/src/newApp/main.go: 25 main.init.0"],"level":"error","message":"app.BindAndValid errs: ","time":1678374552207369000}
2023/03/09 23:09:50 {"callers":["/Users/mac/go/src/newApp/src/newApp/main.go: 25 main.init.0"],"level":"error","message":"app.BindAndValid errs: ","time":1678374590515998000}
2023/03/09 23:10:06 {"callers":["/Users/mac/go/src/newApp/src/newApp/main.go: 25 main.init.0"],"level":"error","message":"app.BindAndValid errs: ","time":1678374606339992000}
2023/03/09 23:10:20 {"callers":["/Users/mac/go/src/newApp/src/newApp/main.go: 25 main.init.0"],"level":"error","message":"app.BindAndValid errs: ","time":1678374620673127000}
2023/03/09 23:10:37 {"callers":["/Users/mac/go/src/newApp/src/newApp/main.go: 25 main.init.0"],"level":"error","message":"app.BindAndValid errs: ","time":1678374637321918000}
2023/03/09 23:12:01 {"callers":["/Users/mac/go/src/newApp/src/newApp/main.go: 25 main.init.0"],"level":"error","message":"app.BindAndValid errs: ","time":1678374721738057000}
2023/03/09 23:12:34 {"callers":["/Users/mac/go/src/newApp/src/newApp/main.go: 25 main.init.0"],"level":"error","message":"app.BindAndValid errs: ","time":1678374754632160000}
2023/03/09 23:13:34 {"callers":["/Users/mac/go/src/newApp/src/newApp/main.go: 25 main.init.0"],"level":"info","message":"newApp: wwtest log","time":1678374814546053000}
2023/03/09 23:13:50 {"callers":["/Users/mac/go/src/newApp/src/newApp/main.go: 25 main.init.0"],"level":"error","message":"app.BindAndValid errs: ","time":1678374830359338000}
2023/03/09 23:14:03 {"callers":["/Users/mac/go/src/newApp/src/newApp/main.go: 25 main.init.0"],"level":"error","message":"app.BindAndValid errs: ","time":1678374843436185000}
2023/03/09 23:14:41 {"callers":["/Users/mac/go/src/newApp/src/newApp/main.go: 25 main.init.0"],"level":"info","message":"newApp: wwtest log","time":1678374881761726000}
2023/03/09 23:16:26 {"callers":["/Users/mac/go/src/newApp/src/newApp/main.go: 25 main.init.0"],"level":"info","message":"newApp: wwtest log","time":1678374986265716000}
2023/03/09 23:17:41 {"callers":["/Users/mac/go/src/newApp/src/newApp/main.go: 25 main.init.0"],"level":"error","message":"app.BindAndValid errs: State必须是[0 1]中的一个","time":1678375061271892000}
2023/03/09 23:22:37 {"callers":["/Users/mac/go/src/newApp/src/newApp/main.go: 25 main.init.0"],"level":"error","message":"app.BindAndValid errs: State必须是[0 1]中的一个","time":1678375357874415000}
2023/03/09 23:23:52 {"callers":["/Users/mac/go/src/newApp/src/newApp/main.go: 25 main.init.0"],"level":"info","message":"newApp: wwtest log","time":1678375432608378000}
2023/03/09 23:24:56 {"callers":["/Users/mac/go/src/newApp/src/newApp/main.go: 25 main.init.0"],"level":"info","message":"newApp: wwtest log","time":1678375496485412000}
2023/03/09 23:55:22 {"callers":["/Users/mac/go/src/newApp/src/newApp/main.go: 25 main.init.0"],"level":"info","message":"newApp: wwtest log","time":1678377322973485000}
2023/03/09 23:56:16 {"callers":["/Users/mac/go/src/newApp/src/newApp/main.go: 25 main.init.0"],"level":"error","message":"app.BindAndValid errs: CreatedBy为必填字段","time":1678377376436092000}
2023/03/10 23:52:13 {"callers":["/Users/mac/go/src/newApp/src/newApp/main.go: 25 main.init.0"],"level":"info","message":"newApp: wwtest log","time":1678463533472227000}
2023/03/11 22:03:13 {"callers":["/Users/mac/go/src/newApp/src/newApp/main.go: 25 main.init.0"],"level":"info","message":"newApp: wwtest log","time":1678543393085662000}
2023/03/11 23:22:39 {"callers":["/Users/mac/go/src/newApp/src/newApp/main.go: 25 main.init.0"],"level":"info","message":"newApp: wwtest log","time":1678548159241178000}
2023/03/11 23:27:06 {"callers":["/Users/mac/go/src/newApp/src/newApp/main.go: 25 main.init.0"],"level":"info","message":"newApp: wwtest log","time":1678548426323657000}
2023/03/11 23:32:32 {"callers":["/Users/mac/Documents/code/newApp/src/newApp/main.go: 25 main.init.0"],"level":"info","message":"newApp: wwtest log","time":1678548752090112000}
2023/03/12 20:31:20 {"callers":["/Users/mac/Documents/code/newApp/src/newApp/main.go: 26 main.init.0"],"level":"info","message":"newApp: wwtest log","time":1678624280602690000}
2023/03/12 20:32:59 {"callers":["/Users/mac/Documents/code/newApp/src/newApp/main.go: 26 main.init.0"],"level":"info","message":"newApp: wwtest log","time":1678624379953836000}
2023/03/12 20:36:56 {"callers":["/Users/mac/Documents/code/newApp/src/newApp/main.go: 26 main.init.0"],"level":"info","message":"newApp: wwtest log","time":1678624616286049000}
2023/03/12 20:37:13 {"callers":["/Users/mac/Documents/code/newApp/src/newApp/main.go: 26 main.init.0"],"level":"info","message":"access log: method: POST, status_code: 200, begin_time: 1678624633, end_time: 1678624633","request":"","response":"{\"token\":\"eyJhbGciOiJIUzI1NiIsInR5cCI6IkpXVCJ9.eyJhcHBfa2V5IjoiZDJhNTdkYzFkODgzZmQyMWZiOTk1MTY5OWRmNzFjYzciLCJhcHBfc2VjcmV0IjoiYzFkZTZjM2E5MDEzYjRlNDE4NTRhMDkxZmY5M2E0ZjIiLCJleHAiOjE2Nzg2MzE4MzMsImlzcyI6ImFwcC1zZXJ2aWNlIn0.aQ_9cpCN_NBfU_zXj2bWP7sqr8rsm-Fo8B-l_CE7Cy0\",\"user\":\"app\"}","time":1678624633244430000}
2023/03/12 20:37:31 {"callers":["/Users/mac/Documents/code/newApp/src/newApp/main.go: 26 main.init.0"],"level":"info","message":"access log: method: POST, status_code: 200, begin_time: 1678624651, end_time: 1678624651","request":"","response":"{\"token\":\"eyJhbGciOiJIUzI1NiIsInR5cCI6IkpXVCJ9.eyJhcHBfa2V5IjoiZDJhNTdkYzFkODgzZmQyMWZiOTk1MTY5OWRmNzFjYzciLCJhcHBfc2VjcmV0IjoiYzFkZTZjM2E5MDEzYjRlNDE4NTRhMDkxZmY5M2E0ZjIiLCJleHAiOjE2Nzg2MzE4NTEsImlzcyI6ImFwcC1zZXJ2aWNlIn0.-3Z3wDa6S0Hbh1iy34OfPBbdHrT5Hs-oEJxSVpkTYAY\",\"user\":\"app\"}","time":1678624651473850000}
2023/03/12 20:37:32 {"callers":["/Users/mac/Documents/code/newApp/src/newApp/main.go: 26 main.init.0"],"level":"info","message":"access log: method: POST, status_code: 200, begin_time: 1678624652, end_time: 1678624652","request":"","response":"{\"token\":\"eyJhbGciOiJIUzI1NiIsInR5cCI6IkpXVCJ9.eyJhcHBfa2V5IjoiZDJhNTdkYzFkODgzZmQyMWZiOTk1MTY5OWRmNzFjYzciLCJhcHBfc2VjcmV0IjoiYzFkZTZjM2E5MDEzYjRlNDE4NTRhMDkxZmY5M2E0ZjIiLCJleHAiOjE2Nzg2MzE4NTIsImlzcyI6ImFwcC1zZXJ2aWNlIn0.5C87GlfxFE19vZSwwRN_Wj4vYkZocfyAlN3U1ILRPDM\",\"user\":\"app\"}","time":1678624652391440000}
2023/03/12 20:37:33 {"callers":["/Users/mac/Documents/code/newApp/src/newApp/main.go: 26 main.init.0"],"level":"info","message":"access log: method: POST, status_code: 200, begin_time: 1678624652, end_time: 1678624653","request":"","response":"{\"token\":\"eyJhbGciOiJIUzI1NiIsInR5cCI6IkpXVCJ9.eyJhcHBfa2V5IjoiZDJhNTdkYzFkODgzZmQyMWZiOTk1MTY5OWRmNzFjYzciLCJhcHBfc2VjcmV0IjoiYzFkZTZjM2E5MDEzYjRlNDE4NTRhMDkxZmY5M2E0ZjIiLCJleHAiOjE2Nzg2MzE4NTMsImlzcyI6ImFwcC1zZXJ2aWNlIn0.gO6gBOLBRubz8WqOoJTpqYjv100zlYzxDEyrtPBStNM\",\"user\":\"app\"}","time":1678624653033675000}
2023/03/12 20:37:33 {"callers":["/Users/mac/Documents/code/newApp/src/newApp/main.go: 26 main.init.0"],"level":"info","message":"access log: method: POST, status_code: 200, begin_time: 1678624653, end_time: 1678624653","request":"","response":"{\"token\":\"eyJhbGciOiJIUzI1NiIsInR5cCI6IkpXVCJ9.eyJhcHBfa2V5IjoiZDJhNTdkYzFkODgzZmQyMWZiOTk1MTY5OWRmNzFjYzciLCJhcHBfc2VjcmV0IjoiYzFkZTZjM2E5MDEzYjRlNDE4NTRhMDkxZmY5M2E0ZjIiLCJleHAiOjE2Nzg2MzE4NTMsImlzcyI6ImFwcC1zZXJ2aWNlIn0.gO6gBOLBRubz8WqOoJTpqYjv100zlYzxDEyrtPBStNM\",\"user\":\"app\"}","time":1678624653637118000}
2023/03/12 21:18:27 {"callers":["/Users/mac/Documents/code/newApp/src/newApp/main.go: 27 main.init.0"],"level":"error","message":"ww test err","time":1678627107350565000}
2023/03/12 21:24:20 {"callers":["/Users/mac/Documents/code/newApp/src/newApp/main.go: 27 main.init.0"],"level":"error","message":"ww test err","time":1678627460227719000}
2023/03/12 21:24:48 {"callers":["/Users/mac/Documents/code/newApp/src/newApp/main.go: 27 main.init.0"],"level":"error","message":"svc.CheckAuth err: auth info does not exist","span_id":"334859a23a342a57","time":1678627488895792000,"trace_id":"334859a23a342a57"}
2023/03/12 21:27:02 {"callers":["/Users/mac/Documents/code/newApp/src/newApp/main.go: 27 main.init.0"],"level":"error","message":"ww test err","time":1678627622196630000}
2023/03/12 21:27:18 {"callers":["/Users/mac/Documents/code/newApp/src/newApp/main.go: 27 main.init.0"],"level":"error","message":"svc.CheckAuth err: auth info does not exist","span_id":"05c217a57ee6dd06","time":1678627638906080000,"trace_id":"05c217a57ee6dd06"}
2023/03/12 21:27:18 {"callers":["/Users/mac/Documents/code/newApp/src/newApp/main.go: 27 main.init.0"],"level":"info","message":"access log: method: POST, status_code: 401, begin_time: 1678627635, end_time: 1678627638","request":"","response":"{\"code\":10000003,\"msg\":\"鉴权失败，找不到对应的AppKey和AppSecret\"}","span_id":"05c217a57ee6dd06","time":1678627638906726000,"trace_id":"05c217a57ee6dd06"}
2023/03/12 21:31:09 {"callers":["/Users/mac/Documents/code/newApp/src/newApp/main.go: 27 main.init.0"],"level":"error","message":"ww test err","time":1678627869072918000}
2023/03/12 21:31:30 {"callers":["/Users/mac/Documents/code/newApp/src/newApp/main.go: 27 main.init.0"],"level":"error","message":"svc.CheckAuth err: auth info does not exist","span_id":"402b04a77c3972ca","time":1678627890734423000,"trace_id":"402b04a77c3972ca"}
